2023-06-09 08:58:49,892 passlib.registry DEBUG    registered 'argon2' handler: <class 'passlib.handlers.argon2.argon2'>
2023-06-09 08:58:49,892 passlib.registry DEBUG    registered 'bcrypt' handler: <class 'passlib.handlers.bcrypt.bcrypt'>
2023-06-09 08:58:49,907 passlib.registry DEBUG    registered 'pbkdf2_sha1' handler: <class 'passlib.handlers.pbkdf2.pbkdf2_sha1'>
2023-06-09 08:58:49,907 passlib.registry DEBUG    registered 'pbkdf2_sha256' handler: <class 'passlib.handlers.pbkdf2.pbkdf2_sha256'>
2023-06-09 08:58:49,907 passlib.registry DEBUG    registered 'django_pbkdf2_sha256' handler: <class 'passlib.handlers.django.django_pbkdf2_sha256'>
2023-06-09 08:58:50,813 passlib.registry DEBUG    registered 'argon2' handler: <class 'passlib.handlers.argon2.argon2'>
2023-06-09 08:58:50,813 passlib.registry DEBUG    registered 'bcrypt' handler: <class 'passlib.handlers.bcrypt.bcrypt'>
2023-06-09 08:58:50,813 passlib.registry DEBUG    registered 'pbkdf2_sha1' handler: <class 'passlib.handlers.pbkdf2.pbkdf2_sha1'>
2023-06-09 08:58:50,813 passlib.registry DEBUG    registered 'pbkdf2_sha256' handler: <class 'passlib.handlers.pbkdf2.pbkdf2_sha256'>
2023-06-09 08:58:50,813 passlib.registry DEBUG    registered 'django_pbkdf2_sha256' handler: <class 'passlib.handlers.django.django_pbkdf2_sha256'>
2023-06-09 09:02:47,345 passlib.registry DEBUG    registered 'argon2' handler: <class 'passlib.handlers.argon2.argon2'>
2023-06-09 09:02:47,350 passlib.registry DEBUG    registered 'bcrypt' handler: <class 'passlib.handlers.bcrypt.bcrypt'>
2023-06-09 09:02:47,353 passlib.registry DEBUG    registered 'pbkdf2_sha1' handler: <class 'passlib.handlers.pbkdf2.pbkdf2_sha1'>
2023-06-09 09:02:47,355 passlib.registry DEBUG    registered 'pbkdf2_sha256' handler: <class 'passlib.handlers.pbkdf2.pbkdf2_sha256'>
2023-06-09 09:02:47,357 passlib.registry DEBUG    registered 'django_pbkdf2_sha256' handler: <class 'passlib.handlers.django.django_pbkdf2_sha256'>
2023-06-09 09:02:48,382 passlib.registry DEBUG    registered 'argon2' handler: <class 'passlib.handlers.argon2.argon2'>
2023-06-09 09:02:48,387 passlib.registry DEBUG    registered 'bcrypt' handler: <class 'passlib.handlers.bcrypt.bcrypt'>
2023-06-09 09:02:48,390 passlib.registry DEBUG    registered 'pbkdf2_sha1' handler: <class 'passlib.handlers.pbkdf2.pbkdf2_sha1'>
2023-06-09 09:02:48,391 passlib.registry DEBUG    registered 'pbkdf2_sha256' handler: <class 'passlib.handlers.pbkdf2.pbkdf2_sha256'>
2023-06-09 09:02:48,393 passlib.registry DEBUG    registered 'django_pbkdf2_sha256' handler: <class 'passlib.handlers.django.django_pbkdf2_sha256'>
2023-06-09 09:05:44,217 passlib.registry DEBUG    registered 'argon2' handler: <class 'passlib.handlers.argon2.argon2'>
2023-06-09 09:05:44,233 passlib.registry DEBUG    registered 'bcrypt' handler: <class 'passlib.handlers.bcrypt.bcrypt'>
2023-06-09 09:05:44,233 passlib.registry DEBUG    registered 'pbkdf2_sha1' handler: <class 'passlib.handlers.pbkdf2.pbkdf2_sha1'>
2023-06-09 09:05:44,233 passlib.registry DEBUG    registered 'pbkdf2_sha256' handler: <class 'passlib.handlers.pbkdf2.pbkdf2_sha256'>
2023-06-09 09:05:44,233 passlib.registry DEBUG    registered 'django_pbkdf2_sha256' handler: <class 'passlib.handlers.django.django_pbkdf2_sha256'>
2023-06-09 09:05:45,248 passlib.registry DEBUG    registered 'argon2' handler: <class 'passlib.handlers.argon2.argon2'>
2023-06-09 09:05:45,248 passlib.registry DEBUG    registered 'bcrypt' handler: <class 'passlib.handlers.bcrypt.bcrypt'>
2023-06-09 09:05:45,248 passlib.registry DEBUG    registered 'pbkdf2_sha1' handler: <class 'passlib.handlers.pbkdf2.pbkdf2_sha1'>
2023-06-09 09:05:45,248 passlib.registry DEBUG    registered 'pbkdf2_sha256' handler: <class 'passlib.handlers.pbkdf2.pbkdf2_sha256'>
2023-06-09 09:05:45,264 passlib.registry DEBUG    registered 'django_pbkdf2_sha256' handler: <class 'passlib.handlers.django.django_pbkdf2_sha256'>
2023-06-09 09:07:31,536 passlib.registry DEBUG    registered 'argon2' handler: <class 'passlib.handlers.argon2.argon2'>
2023-06-09 09:07:31,542 passlib.registry DEBUG    registered 'bcrypt' handler: <class 'passlib.handlers.bcrypt.bcrypt'>
2023-06-09 09:07:31,546 passlib.registry DEBUG    registered 'pbkdf2_sha1' handler: <class 'passlib.handlers.pbkdf2.pbkdf2_sha1'>
2023-06-09 09:07:31,548 passlib.registry DEBUG    registered 'pbkdf2_sha256' handler: <class 'passlib.handlers.pbkdf2.pbkdf2_sha256'>
2023-06-09 09:07:31,549 passlib.registry DEBUG    registered 'django_pbkdf2_sha256' handler: <class 'passlib.handlers.django.django_pbkdf2_sha256'>
2023-06-09 09:07:37,786 passlib.registry DEBUG    registered 'argon2' handler: <class 'passlib.handlers.argon2.argon2'>
2023-06-09 09:07:37,786 passlib.registry DEBUG    registered 'bcrypt' handler: <class 'passlib.handlers.bcrypt.bcrypt'>
2023-06-09 09:07:37,802 passlib.registry DEBUG    registered 'pbkdf2_sha1' handler: <class 'passlib.handlers.pbkdf2.pbkdf2_sha1'>
2023-06-09 09:07:37,802 passlib.registry DEBUG    registered 'pbkdf2_sha256' handler: <class 'passlib.handlers.pbkdf2.pbkdf2_sha256'>
2023-06-09 09:07:37,802 passlib.registry DEBUG    registered 'django_pbkdf2_sha256' handler: <class 'passlib.handlers.django.django_pbkdf2_sha256'>
2023-06-09 09:09:33,650 passlib.registry DEBUG    registered 'argon2' handler: <class 'passlib.handlers.argon2.argon2'>
2023-06-09 09:09:33,650 passlib.registry DEBUG    registered 'bcrypt' handler: <class 'passlib.handlers.bcrypt.bcrypt'>
2023-06-09 09:09:33,650 passlib.registry DEBUG    registered 'pbkdf2_sha1' handler: <class 'passlib.handlers.pbkdf2.pbkdf2_sha1'>
2023-06-09 09:09:33,650 passlib.registry DEBUG    registered 'pbkdf2_sha256' handler: <class 'passlib.handlers.pbkdf2.pbkdf2_sha256'>
2023-06-09 09:09:33,650 passlib.registry DEBUG    registered 'django_pbkdf2_sha256' handler: <class 'passlib.handlers.django.django_pbkdf2_sha256'>
2023-06-09 09:10:10,072 passlib.registry DEBUG    registered 'argon2' handler: <class 'passlib.handlers.argon2.argon2'>
2023-06-09 09:10:10,077 passlib.registry DEBUG    registered 'bcrypt' handler: <class 'passlib.handlers.bcrypt.bcrypt'>
2023-06-09 09:10:10,080 passlib.registry DEBUG    registered 'pbkdf2_sha1' handler: <class 'passlib.handlers.pbkdf2.pbkdf2_sha1'>
2023-06-09 09:10:10,082 passlib.registry DEBUG    registered 'pbkdf2_sha256' handler: <class 'passlib.handlers.pbkdf2.pbkdf2_sha256'>
2023-06-09 09:10:10,084 passlib.registry DEBUG    registered 'django_pbkdf2_sha256' handler: <class 'passlib.handlers.django.django_pbkdf2_sha256'>
2023-06-09 09:12:09,973 passlib.registry DEBUG    registered 'argon2' handler: <class 'passlib.handlers.argon2.argon2'>
2023-06-09 09:12:09,973 passlib.registry DEBUG    registered 'bcrypt' handler: <class 'passlib.handlers.bcrypt.bcrypt'>
2023-06-09 09:12:09,973 passlib.registry DEBUG    registered 'pbkdf2_sha1' handler: <class 'passlib.handlers.pbkdf2.pbkdf2_sha1'>
2023-06-09 09:12:09,973 passlib.registry DEBUG    registered 'pbkdf2_sha256' handler: <class 'passlib.handlers.pbkdf2.pbkdf2_sha256'>
2023-06-09 09:12:09,989 passlib.registry DEBUG    registered 'django_pbkdf2_sha256' handler: <class 'passlib.handlers.django.django_pbkdf2_sha256'>
2023-06-09 09:14:10,007 passlib.registry DEBUG    registered 'argon2' handler: <class 'passlib.handlers.argon2.argon2'>
2023-06-09 09:14:10,007 passlib.registry DEBUG    registered 'bcrypt' handler: <class 'passlib.handlers.bcrypt.bcrypt'>
2023-06-09 09:14:10,007 passlib.registry DEBUG    registered 'pbkdf2_sha1' handler: <class 'passlib.handlers.pbkdf2.pbkdf2_sha1'>
2023-06-09 09:14:10,007 passlib.registry DEBUG    registered 'pbkdf2_sha256' handler: <class 'passlib.handlers.pbkdf2.pbkdf2_sha256'>
2023-06-09 09:14:10,023 passlib.registry DEBUG    registered 'django_pbkdf2_sha256' handler: <class 'passlib.handlers.django.django_pbkdf2_sha256'>
2023-06-09 09:15:09,616 passlib.registry DEBUG    registered 'argon2' handler: <class 'passlib.handlers.argon2.argon2'>
2023-06-09 09:15:09,616 passlib.registry DEBUG    registered 'bcrypt' handler: <class 'passlib.handlers.bcrypt.bcrypt'>
2023-06-09 09:15:09,616 passlib.registry DEBUG    registered 'pbkdf2_sha1' handler: <class 'passlib.handlers.pbkdf2.pbkdf2_sha1'>
2023-06-09 09:15:09,616 passlib.registry DEBUG    registered 'pbkdf2_sha256' handler: <class 'passlib.handlers.pbkdf2.pbkdf2_sha256'>
2023-06-09 09:15:09,616 passlib.registry DEBUG    registered 'django_pbkdf2_sha256' handler: <class 'passlib.handlers.django.django_pbkdf2_sha256'>
2023-06-09 09:16:19,415 passlib.registry DEBUG    registered 'argon2' handler: <class 'passlib.handlers.argon2.argon2'>
2023-06-09 09:16:19,420 passlib.registry DEBUG    registered 'bcrypt' handler: <class 'passlib.handlers.bcrypt.bcrypt'>
2023-06-09 09:16:19,423 passlib.registry DEBUG    registered 'pbkdf2_sha1' handler: <class 'passlib.handlers.pbkdf2.pbkdf2_sha1'>
2023-06-09 09:16:19,425 passlib.registry DEBUG    registered 'pbkdf2_sha256' handler: <class 'passlib.handlers.pbkdf2.pbkdf2_sha256'>
2023-06-09 09:16:19,427 passlib.registry DEBUG    registered 'django_pbkdf2_sha256' handler: <class 'passlib.handlers.django.django_pbkdf2_sha256'>
2023-06-09 09:17:37,126 passlib.registry DEBUG    registered 'argon2' handler: <class 'passlib.handlers.argon2.argon2'>
2023-06-09 09:17:37,126 passlib.registry DEBUG    registered 'bcrypt' handler: <class 'passlib.handlers.bcrypt.bcrypt'>
2023-06-09 09:17:37,126 passlib.registry DEBUG    registered 'pbkdf2_sha1' handler: <class 'passlib.handlers.pbkdf2.pbkdf2_sha1'>
2023-06-09 09:17:37,126 passlib.registry DEBUG    registered 'pbkdf2_sha256' handler: <class 'passlib.handlers.pbkdf2.pbkdf2_sha256'>
2023-06-09 09:17:37,126 passlib.registry DEBUG    registered 'django_pbkdf2_sha256' handler: <class 'passlib.handlers.django.django_pbkdf2_sha256'>
2023-06-09 09:17:52,552 passlib.registry DEBUG    registered 'argon2' handler: <class 'passlib.handlers.argon2.argon2'>
2023-06-09 09:17:52,557 passlib.registry DEBUG    registered 'bcrypt' handler: <class 'passlib.handlers.bcrypt.bcrypt'>
2023-06-09 09:17:52,560 passlib.registry DEBUG    registered 'pbkdf2_sha1' handler: <class 'passlib.handlers.pbkdf2.pbkdf2_sha1'>
2023-06-09 09:17:52,562 passlib.registry DEBUG    registered 'pbkdf2_sha256' handler: <class 'passlib.handlers.pbkdf2.pbkdf2_sha256'>
2023-06-09 09:17:52,564 passlib.registry DEBUG    registered 'django_pbkdf2_sha256' handler: <class 'passlib.handlers.django.django_pbkdf2_sha256'>
2023-06-09 09:19:16,354 passlib.registry DEBUG    registered 'argon2' handler: <class 'passlib.handlers.argon2.argon2'>
2023-06-09 09:19:16,354 passlib.registry DEBUG    registered 'bcrypt' handler: <class 'passlib.handlers.bcrypt.bcrypt'>
2023-06-09 09:19:16,354 passlib.registry DEBUG    registered 'pbkdf2_sha1' handler: <class 'passlib.handlers.pbkdf2.pbkdf2_sha1'>
2023-06-09 09:19:16,354 passlib.registry DEBUG    registered 'pbkdf2_sha256' handler: <class 'passlib.handlers.pbkdf2.pbkdf2_sha256'>
2023-06-09 09:19:16,354 passlib.registry DEBUG    registered 'django_pbkdf2_sha256' handler: <class 'passlib.handlers.django.django_pbkdf2_sha256'>
2023-06-09 09:19:54,553 passlib.registry DEBUG    registered 'argon2' handler: <class 'passlib.handlers.argon2.argon2'>
2023-06-09 09:19:54,558 passlib.registry DEBUG    registered 'bcrypt' handler: <class 'passlib.handlers.bcrypt.bcrypt'>
2023-06-09 09:19:54,561 passlib.registry DEBUG    registered 'pbkdf2_sha1' handler: <class 'passlib.handlers.pbkdf2.pbkdf2_sha1'>
2023-06-09 09:19:54,563 passlib.registry DEBUG    registered 'pbkdf2_sha256' handler: <class 'passlib.handlers.pbkdf2.pbkdf2_sha256'>
2023-06-09 09:19:54,565 passlib.registry DEBUG    registered 'django_pbkdf2_sha256' handler: <class 'passlib.handlers.django.django_pbkdf2_sha256'>
2023-06-09 09:24:11,800 passlib.registry DEBUG    registered 'argon2' handler: <class 'passlib.handlers.argon2.argon2'>
2023-06-09 09:24:11,805 passlib.registry DEBUG    registered 'bcrypt' handler: <class 'passlib.handlers.bcrypt.bcrypt'>
2023-06-09 09:24:11,808 passlib.registry DEBUG    registered 'pbkdf2_sha1' handler: <class 'passlib.handlers.pbkdf2.pbkdf2_sha1'>
2023-06-09 09:24:11,809 passlib.registry DEBUG    registered 'pbkdf2_sha256' handler: <class 'passlib.handlers.pbkdf2.pbkdf2_sha256'>
2023-06-09 09:24:11,811 passlib.registry DEBUG    registered 'django_pbkdf2_sha256' handler: <class 'passlib.handlers.django.django_pbkdf2_sha256'>
2023-06-09 09:55:43,950 passlib.registry DEBUG    registered 'argon2' handler: <class 'passlib.handlers.argon2.argon2'>
2023-06-09 09:55:43,950 passlib.registry DEBUG    registered 'bcrypt' handler: <class 'passlib.handlers.bcrypt.bcrypt'>
2023-06-09 09:55:43,950 passlib.registry DEBUG    registered 'pbkdf2_sha1' handler: <class 'passlib.handlers.pbkdf2.pbkdf2_sha1'>
2023-06-09 09:55:43,950 passlib.registry DEBUG    registered 'pbkdf2_sha256' handler: <class 'passlib.handlers.pbkdf2.pbkdf2_sha256'>
2023-06-09 09:55:43,950 passlib.registry DEBUG    registered 'django_pbkdf2_sha256' handler: <class 'passlib.handlers.django.django_pbkdf2_sha256'>
2023-06-09 09:56:04,715 passlib.registry DEBUG    registered 'argon2' handler: <class 'passlib.handlers.argon2.argon2'>
2023-06-09 09:56:04,730 passlib.registry DEBUG    registered 'bcrypt' handler: <class 'passlib.handlers.bcrypt.bcrypt'>
2023-06-09 09:56:04,730 passlib.registry DEBUG    registered 'pbkdf2_sha1' handler: <class 'passlib.handlers.pbkdf2.pbkdf2_sha1'>
2023-06-09 09:56:04,730 passlib.registry DEBUG    registered 'pbkdf2_sha256' handler: <class 'passlib.handlers.pbkdf2.pbkdf2_sha256'>
2023-06-09 09:56:04,730 passlib.registry DEBUG    registered 'django_pbkdf2_sha256' handler: <class 'passlib.handlers.django.django_pbkdf2_sha256'>
2023-06-09 09:56:05,746 passlib.registry DEBUG    registered 'argon2' handler: <class 'passlib.handlers.argon2.argon2'>
2023-06-09 09:56:05,746 passlib.registry DEBUG    registered 'bcrypt' handler: <class 'passlib.handlers.bcrypt.bcrypt'>
2023-06-09 09:56:05,762 passlib.registry DEBUG    registered 'pbkdf2_sha1' handler: <class 'passlib.handlers.pbkdf2.pbkdf2_sha1'>
2023-06-09 09:56:05,762 passlib.registry DEBUG    registered 'pbkdf2_sha256' handler: <class 'passlib.handlers.pbkdf2.pbkdf2_sha256'>
2023-06-09 09:56:05,762 passlib.registry DEBUG    registered 'django_pbkdf2_sha256' handler: <class 'passlib.handlers.django.django_pbkdf2_sha256'>
2023-06-09 09:58:37,122 passlib.registry DEBUG    registered 'argon2' handler: <class 'passlib.handlers.argon2.argon2'>
2023-06-09 09:58:37,127 passlib.registry DEBUG    registered 'bcrypt' handler: <class 'passlib.handlers.bcrypt.bcrypt'>
2023-06-09 09:58:37,130 passlib.registry DEBUG    registered 'pbkdf2_sha1' handler: <class 'passlib.handlers.pbkdf2.pbkdf2_sha1'>
2023-06-09 09:58:37,132 passlib.registry DEBUG    registered 'pbkdf2_sha256' handler: <class 'passlib.handlers.pbkdf2.pbkdf2_sha256'>
2023-06-09 09:58:37,134 passlib.registry DEBUG    registered 'django_pbkdf2_sha256' handler: <class 'passlib.handlers.django.django_pbkdf2_sha256'>
2023-06-09 10:02:20,354 passlib.registry DEBUG    registered 'argon2' handler: <class 'passlib.handlers.argon2.argon2'>
2023-06-09 10:02:20,359 passlib.registry DEBUG    registered 'bcrypt' handler: <class 'passlib.handlers.bcrypt.bcrypt'>
2023-06-09 10:02:20,361 passlib.registry DEBUG    registered 'pbkdf2_sha1' handler: <class 'passlib.handlers.pbkdf2.pbkdf2_sha1'>
2023-06-09 10:02:20,363 passlib.registry DEBUG    registered 'pbkdf2_sha256' handler: <class 'passlib.handlers.pbkdf2.pbkdf2_sha256'>
2023-06-09 10:02:20,365 passlib.registry DEBUG    registered 'django_pbkdf2_sha256' handler: <class 'passlib.handlers.django.django_pbkdf2_sha256'>
2023-06-09 10:17:26,566 passlib.registry DEBUG    registered 'argon2' handler: <class 'passlib.handlers.argon2.argon2'>
2023-06-09 10:17:26,566 passlib.registry DEBUG    registered 'bcrypt' handler: <class 'passlib.handlers.bcrypt.bcrypt'>
2023-06-09 10:17:26,566 passlib.registry DEBUG    registered 'pbkdf2_sha1' handler: <class 'passlib.handlers.pbkdf2.pbkdf2_sha1'>
2023-06-09 10:17:26,581 passlib.registry DEBUG    registered 'pbkdf2_sha256' handler: <class 'passlib.handlers.pbkdf2.pbkdf2_sha256'>
2023-06-09 10:17:26,581 passlib.registry DEBUG    registered 'django_pbkdf2_sha256' handler: <class 'passlib.handlers.django.django_pbkdf2_sha256'>
2023-06-09 10:19:05,485 passlib.registry DEBUG    registered 'argon2' handler: <class 'passlib.handlers.argon2.argon2'>
2023-06-09 10:19:05,485 passlib.registry DEBUG    registered 'bcrypt' handler: <class 'passlib.handlers.bcrypt.bcrypt'>
2023-06-09 10:19:05,485 passlib.registry DEBUG    registered 'pbkdf2_sha1' handler: <class 'passlib.handlers.pbkdf2.pbkdf2_sha1'>
2023-06-09 10:19:05,485 passlib.registry DEBUG    registered 'pbkdf2_sha256' handler: <class 'passlib.handlers.pbkdf2.pbkdf2_sha256'>
2023-06-09 10:19:05,485 passlib.registry DEBUG    registered 'django_pbkdf2_sha256' handler: <class 'passlib.handlers.django.django_pbkdf2_sha256'>
2023-06-09 10:20:43,356 passlib.registry DEBUG    registered 'argon2' handler: <class 'passlib.handlers.argon2.argon2'>
2023-06-09 10:20:43,362 passlib.registry DEBUG    registered 'bcrypt' handler: <class 'passlib.handlers.bcrypt.bcrypt'>
2023-06-09 10:20:43,364 passlib.registry DEBUG    registered 'pbkdf2_sha1' handler: <class 'passlib.handlers.pbkdf2.pbkdf2_sha1'>
2023-06-09 10:20:43,366 passlib.registry DEBUG    registered 'pbkdf2_sha256' handler: <class 'passlib.handlers.pbkdf2.pbkdf2_sha256'>
2023-06-09 10:20:43,368 passlib.registry DEBUG    registered 'django_pbkdf2_sha256' handler: <class 'passlib.handlers.django.django_pbkdf2_sha256'>
2023-06-09 10:20:44,419 passlib.registry DEBUG    registered 'argon2' handler: <class 'passlib.handlers.argon2.argon2'>
2023-06-09 10:20:44,425 passlib.registry DEBUG    registered 'bcrypt' handler: <class 'passlib.handlers.bcrypt.bcrypt'>
2023-06-09 10:20:44,428 passlib.registry DEBUG    registered 'pbkdf2_sha1' handler: <class 'passlib.handlers.pbkdf2.pbkdf2_sha1'>
2023-06-09 10:20:44,430 passlib.registry DEBUG    registered 'pbkdf2_sha256' handler: <class 'passlib.handlers.pbkdf2.pbkdf2_sha256'>
2023-06-09 10:20:44,432 passlib.registry DEBUG    registered 'django_pbkdf2_sha256' handler: <class 'passlib.handlers.django.django_pbkdf2_sha256'>
2023-06-09 10:20:44,661 passlib.registry DEBUG    registered 'argon2' handler: <class 'passlib.handlers.argon2.argon2'>
2023-06-09 10:20:44,666 passlib.registry DEBUG    registered 'bcrypt' handler: <class 'passlib.handlers.bcrypt.bcrypt'>
2023-06-09 10:20:44,669 passlib.registry DEBUG    registered 'pbkdf2_sha1' handler: <class 'passlib.handlers.pbkdf2.pbkdf2_sha1'>
2023-06-09 10:20:44,671 passlib.registry DEBUG    registered 'pbkdf2_sha256' handler: <class 'passlib.handlers.pbkdf2.pbkdf2_sha256'>
2023-06-09 10:20:44,673 passlib.registry DEBUG    registered 'django_pbkdf2_sha256' handler: <class 'passlib.handlers.django.django_pbkdf2_sha256'>
2023-06-09 10:24:59,851 passlib.registry DEBUG    registered 'argon2' handler: <class 'passlib.handlers.argon2.argon2'>
2023-06-09 10:24:59,856 passlib.registry DEBUG    registered 'bcrypt' handler: <class 'passlib.handlers.bcrypt.bcrypt'>
2023-06-09 10:24:59,859 passlib.registry DEBUG    registered 'pbkdf2_sha1' handler: <class 'passlib.handlers.pbkdf2.pbkdf2_sha1'>
2023-06-09 10:24:59,861 passlib.registry DEBUG    registered 'pbkdf2_sha256' handler: <class 'passlib.handlers.pbkdf2.pbkdf2_sha256'>
2023-06-09 10:24:59,863 passlib.registry DEBUG    registered 'django_pbkdf2_sha256' handler: <class 'passlib.handlers.django.django_pbkdf2_sha256'>
2023-06-09 10:29:10,774 passlib.registry DEBUG    registered 'argon2' handler: <class 'passlib.handlers.argon2.argon2'>
2023-06-09 10:29:10,779 passlib.registry DEBUG    registered 'bcrypt' handler: <class 'passlib.handlers.bcrypt.bcrypt'>
2023-06-09 10:29:10,782 passlib.registry DEBUG    registered 'pbkdf2_sha1' handler: <class 'passlib.handlers.pbkdf2.pbkdf2_sha1'>
2023-06-09 10:29:10,783 passlib.registry DEBUG    registered 'pbkdf2_sha256' handler: <class 'passlib.handlers.pbkdf2.pbkdf2_sha256'>
2023-06-09 10:29:10,785 passlib.registry DEBUG    registered 'django_pbkdf2_sha256' handler: <class 'passlib.handlers.django.django_pbkdf2_sha256'>
2023-06-09 10:31:47,626 passlib.registry DEBUG    registered 'argon2' handler: <class 'passlib.handlers.argon2.argon2'>
2023-06-09 10:31:47,631 passlib.registry DEBUG    registered 'bcrypt' handler: <class 'passlib.handlers.bcrypt.bcrypt'>
2023-06-09 10:31:47,634 passlib.registry DEBUG    registered 'pbkdf2_sha1' handler: <class 'passlib.handlers.pbkdf2.pbkdf2_sha1'>
2023-06-09 10:31:47,636 passlib.registry DEBUG    registered 'pbkdf2_sha256' handler: <class 'passlib.handlers.pbkdf2.pbkdf2_sha256'>
2023-06-09 10:31:47,638 passlib.registry DEBUG    registered 'django_pbkdf2_sha256' handler: <class 'passlib.handlers.django.django_pbkdf2_sha256'>
2023-06-09 10:31:47,691 users.models DEBUG    
2023-06-09 10:31:47,693 users.models DEBUG    
2023-06-09 10:31:48,144 users.models DEBUG    
